#
# There is insufficient memory for the Java Runtime Environment to continue.
# Native memory allocation (malloc) failed to allocate 1048576 bytes for AllocateHeap
# Possible reasons:
#   The system is out of physical RAM or swap space
#   In 32 bit mode, the process size limit was hit
# Possible solutions:
#   Reduce memory load on the system
#   Increase physical memory or swap space
#   Check if swap backing store is full
#   Use 64 bit Java on a 64 bit OS
#   Decrease Java heap size (-Xmx/-Xms)
#   Decrease number of Java threads
#   Decrease Java thread stack sizes (-Xss)
#   Set larger code cache with -XX:ReservedCodeCacheSize=
# This output file may be truncated or incomplete.
#
#  Out of Memory Error (memory/allocation.inline.hpp:61), pid=20192, tid=0x00000000000028c0
#
# JRE version:  (8.0_171-b11) (build )
# Java VM: Java HotSpot(TM) 64-Bit Server VM (25.171-b11 mixed mode windows-amd64 compressed oops)
# Failed to write core dump. Minidumps are not enabled by default on client versions of Windows
#

---------------  T H R E A D  ---------------

Current thread (0x0000000004533800):  JavaThread "Unknown thread" [_thread_in_vm, id=10432, stack(0x0000000004300000,0x0000000004400000)]

Stack: [0x0000000004300000,0x0000000004400000]
[error occurred during error reporting (printing stack bounds), id 0xc0000005]

Native frames: (J=compiled Java code, j=interpreted, Vv=VM code, C=native code)


---------------  P R O C E S S  ---------------

Java Threads: ( => current thread )

Other Threads:

=>0x0000000004533800 (exited) JavaThread "Unknown thread" [_thread_in_vm, id=10432, stack(0x0000000004300000,0x0000000004400000)]

VM state:not at safepoint (normal execution)

VM Mutex/Monitor currently owned by a thread: None

Heap:
 PSYoungGen      total 153088K, used 2631K [0x0000000715f80000, 0x0000000720a00000, 0x00000007c0000000)
  eden space 131584K, 2% used [0x0000000715f80000,0x0000000716211ec8,0x000000071e000000)
  from space 21504K, 0% used [0x000000071f500000,0x000000071f500000,0x0000000720a00000)
  to   space 21504K, 0% used [0x000000071e000000,0x000000071e000000,0x000000071f500000)
 ParOldGen       total 349696K, used 0K [0x00000005c1e00000, 0x00000005d7380000, 0x0000000715f80000)
  object space 349696K, 0% used [0x00000005c1e00000,0x00000005c1e00000,0x00000005d7380000)
 Metaspace       used 774K, capacity 4480K, committed 4480K, reserved 1056768K
  class space    used 76K, capacity 384K, committed 384K, reserved 1048576K

Card table byte_map: [0x00000000139f0000,0x00000000149f0000] byte_map_base: 0x0000000010be1000

Marking Bits: (ParMarkBitMap*) 0x000000005e5008c0
 Begin Bits: [0x0000000015ca0000, 0x000000001dc28000)
 End Bits:   [0x000000001dc28000, 0x0000000025bb0000)

Polling page: 0x0000000002570000

CodeCache: size=245760Kb used=328Kb max_used=328Kb free=245431Kb
 bounds [0x0000000004630000, 0x00000000048a0000, 0x0000000013630000]
 total_blobs=58 nmethods=0 adapters=38
 compilation: enabled

Compilation events (0 events):
No events

GC Heap History (0 events):
No events

Deoptimization events (0 events):
No events

Classes redefined (0 events):
No events

Internal exceptions (0 events):
No events

Events (10 events):
Event: 0.053 loading class java/lang/Short
Event: 0.053 loading class java/lang/Short done
Event: 0.053 loading class java/lang/Integer
Event: 0.053 loading class java/lang/Integer done
Event: 0.053 loading class java/lang/Long
Event: 0.053 loading class java/lang/Long done
Event: 0.054 loading class java/lang/NullPointerException
Event: 0.054 loading class java/lang/NullPointerException done
Event: 0.054 loading class java/lang/ArithmeticException
Event: 0.054 loading class java/lang/ArithmeticException done


Dynamic libraries:
0x00007ff7b82e0000 - 0x00007ff7b8317000 	C:\Program Files\Java\jdk1.8.0_171\bin\java.exe
0x00007ffbe0ab0000 - 0x00007ffbe0c90000 	C:\windows\SYSTEM32\ntdll.dll
0x00007ffbde570000 - 0x00007ffbde61e000 	C:\windows\System32\KERNEL32.DLL
0x00007ffbdceb0000 - 0x00007ffbdd116000 	C:\windows\System32\KERNELBASE.dll
0x000000005fea0000 - 0x000000005ff35000 	C:\windows\System32\SYSFER.DLL
0x00007ffbe0660000 - 0x00007ffbe0701000 	C:\windows\System32\ADVAPI32.dll
0x00007ffbde720000 - 0x00007ffbde7bd000 	C:\windows\System32\msvcrt.dll
0x00007ffbde620000 - 0x00007ffbde67b000 	C:\windows\System32\sechost.dll
0x00007ffbde9b0000 - 0x00007ffbdeacf000 	C:\windows\System32\RPCRT4.dll
0x00007ffbe08f0000 - 0x00007ffbe0a7f000 	C:\windows\System32\USER32.dll
0x00007ffbdd310000 - 0x00007ffbdd330000 	C:\windows\System32\win32u.dll
0x00007ffbde540000 - 0x00007ffbde568000 	C:\windows\System32\GDI32.dll
0x00007ffbdd120000 - 0x00007ffbdd2b3000 	C:\windows\System32\gdi32full.dll
0x00007ffbddee0000 - 0x00007ffbddf7b000 	C:\windows\System32\msvcp_win.dll
0x00007ffbdd5b0000 - 0x00007ffbdd6a5000 	C:\windows\System32\ucrtbase.dll
0x00007ffbca4f0000 - 0x00007ffbca759000 	C:\windows\WinSxS\amd64_microsoft.windows.common-controls_6595b64144ccf1df_6.0.16299.785_none_15cbda149361fcd9\COMCTL32.dll
0x00007ffbe0020000 - 0x00007ffbe0326000 	C:\windows\System32\combase.dll
0x00007ffbdd710000 - 0x00007ffbdd782000 	C:\windows\System32\bcryptPrimitives.dll
0x00007ffbde6e0000 - 0x00007ffbde70d000 	C:\windows\System32\IMM32.DLL
0x000000005e580000 - 0x000000005e652000 	C:\Program Files\Java\jdk1.8.0_171\jre\bin\msvcr100.dll
0x000000005dce0000 - 0x000000005e580000 	C:\Program Files\Java\jdk1.8.0_171\jre\bin\server\jvm.dll
0x00007ffbde9a0000 - 0x00007ffbde9a8000 	C:\windows\System32\PSAPI.DLL
0x00007ffbcdf60000 - 0x00007ffbcdf69000 	C:\windows\SYSTEM32\WSOCK32.dll
0x00007ffbe07c0000 - 0x00007ffbe082c000 	C:\windows\System32\WS2_32.dll
0x00007ffbdb040000 - 0x00007ffbdb063000 	C:\windows\SYSTEM32\WINMM.dll
0x00007ffbcf810000 - 0x00007ffbcf81a000 	C:\windows\SYSTEM32\VERSION.dll
0x00007ffbdaf50000 - 0x00007ffbdaf7a000 	C:\windows\SYSTEM32\WINMMBASE.dll
0x00007ffbdd2c0000 - 0x00007ffbdd30a000 	C:\windows\System32\cfgmgr32.dll
0x000000005f9a0000 - 0x000000005f9af000 	C:\Program Files\Java\jdk1.8.0_171\jre\bin\verify.dll
0x000000005f760000 - 0x000000005f789000 	C:\Program Files\Java\jdk1.8.0_171\jre\bin\java.dll
0x000000005dc70000 - 0x000000005dc93000 	C:\Program Files\Java\jdk1.8.0_171\jre\bin\instrument.dll
0x000000005f030000 - 0x000000005f046000 	C:\Program Files\Java\jdk1.8.0_171\jre\bin\zip.dll

VM Arguments:
jvm_args: -javaagent:C:\Program Files\JetBrains\IntelliJ IDEA Community Edition 2018.1.5\lib\idea_rt.jar=57443:C:\Program Files\JetBrains\IntelliJ IDEA Community Edition 2018.1.5\bin -Dfile.encoding=UTF-8 
java_command: ru.otus.app.app
java_class_path (initial): C:\Program Files\Java\jdk1.8.0_171\jre\lib\charsets.jar;C:\Program Files\Java\jdk1.8.0_171\jre\lib\deploy.jar;C:\Program Files\Java\jdk1.8.0_171\jre\lib\ext\access-bridge-64.jar;C:\Program Files\Java\jdk1.8.0_171\jre\lib\ext\cldrdata.jar;C:\Program Files\Java\jdk1.8.0_171\jre\lib\ext\dnsns.jar;C:\Program Files\Java\jdk1.8.0_171\jre\lib\ext\jaccess.jar;C:\Program Files\Java\jdk1.8.0_171\jre\lib\ext\jfxrt.jar;C:\Program Files\Java\jdk1.8.0_171\jre\lib\ext\localedata.jar;C:\Program Files\Java\jdk1.8.0_171\jre\lib\ext\nashorn.jar;C:\Program Files\Java\jdk1.8.0_171\jre\lib\ext\sunec.jar;C:\Program Files\Java\jdk1.8.0_171\jre\lib\ext\sunjce_provider.jar;C:\Program Files\Java\jdk1.8.0_171\jre\lib\ext\sunmscapi.jar;C:\Program Files\Java\jdk1.8.0_171\jre\lib\ext\sunpkcs11.jar;C:\Program Files\Java\jdk1.8.0_171\jre\lib\ext\zipfs.jar;C:\Program Files\Java\jdk1.8.0_171\jre\lib\javaws.jar;C:\Program Files\Java\jdk1.8.0_171\jre\lib\jce.jar;C:\Program Files\Java\jdk1.8.0_171\jre\lib\jfr.jar;C:\Program Files\Java\jdk1.8.0_171\jre\lib\jfxswt.jar;C:\Program Files\Java\jdk1.8.0_171\jre\lib\jsse.jar;C:\Program Files\Java\jdk1.8.0_171\jre\lib\management-agent.jar;C:\Program Files\Java\jdk1.8.0_171\jre\lib\plugin.jar;C:\Program Files\Java\jdk1.8.0_171\jre\lib\resources.jar;C:\Program Files\Java\jdk1.8.0_171\jre\lib\rt.jar;C:\Users\Sergei_Novozhilov\git\SpringHW001\out\production\classes;C:\Users\Sergei_Novozhilov\git\SpringHW001\out\production\resources;C:\Users\Sergei_Novozhilov\.gradle\caches\modules-2\files-2.1\org.apache.commons\commons-csv\1.5\e10f140af5b82167640f254fa9d88e35ad74329c\commons-csv-1.5.jar;C:\Users\Sergei_Novozhilov\.gradle\caches\modules-2\files-2.1\commons-io\commons-io\1.3.2\b6dde38349ba9bb5e6ea6320531eae969985dae5\commons-io-1.3.2.jar;C:\Program Files\JetBrains\IntelliJ IDEA Community Edition 2018.1.5\lib\idea_rt.jar
Launcher Type: SUN_STANDARD

Environment Variables:
JAVA_HOME=C:\Program Files\Java\jdk1.8.0_171
PATH=C:\ProgramData\DockerDesktop\version-bin;C:\Program Files\Docker\Docker\Resources\bin;C:\Program Files\Python36\Scripts\;C:\Program Files\Python36\;C:\Program Files\Scripts\;C:\Program Files\;C:\Program Files (x86)\Common Files\Oracle\Java\javapath;C:\windows\system32;C:\windows;C:\windows\System32\Wbem;C:\windows\System32\WindowsPowerShell\v1.0\;C:\Program Files\TortoiseSVN\bin;C:\Program Files\Git\cmd;C:\Program Files\TortoiseGit\bin;C:\Gradle\gradle-4.8.1-all\gradle-4.8.1\bin;C:\Program Files\PuTTY\;C:\Program Files (x86)\GitExtensions\;C:\Users\Sergei_Novozhilov\AppData\Local\Microsoft\WindowsApps;C:\Users\Sergei_Novozhilov\AppData\Local\Programs\Fiddler;C:\MyLocalWFM\local-wfm;
USERNAME=Sergei_Novozhilov
OS=Windows_NT
PROCESSOR_IDENTIFIER=Intel64 Family 6 Model 158 Stepping 9, GenuineIntel



---------------  S Y S T E M  ---------------

OS: Windows 10.0 , 64 bit Build 16299 (10.0.16299.431)

CPU:total 8 (initial active 8) (4 cores per cpu, 2 threads per core) family 6 model 158 stepping 9, cmov, cx8, fxsr, mmx, sse, sse2, sse3, ssse3, sse4.1, sse4.2, popcnt, avx, avx2, aes, clmul, erms, rtm, 3dnowpref, lzcnt, ht, tsc, tscinvbit, bmi1, bmi2, adx

Memory: 4k page, physical 33430728k(6773504k free), swap 33430728k(5892k free)

vm_info: Java HotSpot(TM) 64-Bit Server VM (25.171-b11) for windows-amd64 JRE (1.8.0_171-b11), built on Mar 28 2018 16:06:12 by "java_re" with MS VC++ 10.0 (VS2010)

time: Thu Nov 29 16:56:56 2018
elapsed time: 0 seconds (0d 0h 0m 0s)

